{"level":40,"time":1673542472745,"pid":5012,"hostname":"DESKTOP-J54G45V","msg":"falta usuario o password"}
{"level":40,"time":1673542554566,"pid":5012,"hostname":"DESKTOP-J54G45V","msg":"falta usuario o password"}
{"level":40,"time":1673542599814,"pid":5012,"hostname":"DESKTOP-J54G45V","msg":"falta usuario o password"}
{"level":40,"time":1673542604400,"pid":5012,"hostname":"DESKTOP-J54G45V","msg":"falta usuario o password"}
{"level":40,"time":1673542634383,"pid":5012,"hostname":"DESKTOP-J54G45V","msg":"falta usuario o password"}
{"level":40,"time":1673542640612,"pid":5012,"hostname":"DESKTOP-J54G45V","msg":"falta usuario o password"}
{"level":40,"time":1673542808116,"pid":9696,"hostname":"DESKTOP-J54G45V","msg":"falta usuario o password"}
{"level":40,"time":1673548059270,"pid":10856,"hostname":"DESKTOP-J54G45V","msg":"Ruta: /loginEmai , metodo: GET no corresponde a una ruta valida"}
{"level":40,"time":1673574185083,"pid":5364,"hostname":"LAPTOP-N8C0CK0F","msg":"Metodo: GET de la Ruta: /info-console no corresponde a una ruta valida"}
{"level":40,"time":1673574185083,"pid":5364,"hostname":"LAPTOP-N8C0CK0F","msg":"Metodo: GET de la Ruta: /info-console no corresponde a una ruta valida"}
{"level":40,"time":1673574185084,"pid":5364,"hostname":"LAPTOP-N8C0CK0F","msg":"Metodo: GET de la Ruta: /info-console no corresponde a una ruta valida"}
{"level":40,"time":1673574185084,"pid":5364,"hostname":"LAPTOP-N8C0CK0F","msg":"Metodo: GET de la Ruta: /info-console no corresponde a una ruta valida"}
{"level":40,"time":1673574185084,"pid":5364,"hostname":"LAPTOP-N8C0CK0F","msg":"Metodo: GET de la Ruta: /info-console no corresponde a una ruta valida"}
{"level":40,"time":1673574185084,"pid":5364,"hostname":"LAPTOP-N8C0CK0F","msg":"Metodo: GET de la Ruta: /info-console no corresponde a una ruta valida"}
{"level":40,"time":1673574185084,"pid":5364,"hostname":"LAPTOP-N8C0CK0F","msg":"Metodo: GET de la Ruta: /info-console no corresponde a una ruta valida"}
{"level":40,"time":1673574185084,"pid":5364,"hostname":"LAPTOP-N8C0CK0F","msg":"Metodo: GET de la Ruta: /info-console no corresponde a una ruta valida"}
{"level":40,"time":1673574185084,"pid":5364,"hostname":"LAPTOP-N8C0CK0F","msg":"Metodo: GET de la Ruta: /info-console no corresponde a una ruta valida"}
{"level":40,"time":1673574185084,"pid":5364,"hostname":"LAPTOP-N8C0CK0F","msg":"Metodo: GET de la Ruta: /info-console no corresponde a una ruta valida"}
{"level":40,"time":1673574185084,"pid":5364,"hostname":"LAPTOP-N8C0CK0F","msg":"Metodo: GET de la Ruta: /info-console no corresponde a una ruta valida"}
{"level":40,"time":1673574185084,"pid":5364,"hostname":"LAPTOP-N8C0CK0F","msg":"Metodo: GET de la Ruta: /info-console no corresponde a una ruta valida"}
{"level":40,"time":1673574185084,"pid":5364,"hostname":"LAPTOP-N8C0CK0F","msg":"Metodo: GET de la Ruta: /info-console no corresponde a una ruta valida"}
{"level":40,"time":1673574185084,"pid":5364,"hostname":"LAPTOP-N8C0CK0F","msg":"Metodo: GET de la Ruta: /info-console no corresponde a una ruta valida"}
{"level":40,"time":1673574185084,"pid":5364,"hostname":"LAPTOP-N8C0CK0F","msg":"Metodo: GET de la Ruta: /info-console no corresponde a una ruta valida"}
{"level":40,"time":1673574185084,"pid":5364,"hostname":"LAPTOP-N8C0CK0F","msg":"Metodo: GET de la Ruta: /info-console no corresponde a una ruta valida"}
{"level":40,"time":1673574185084,"pid":5364,"hostname":"LAPTOP-N8C0CK0F","msg":"Metodo: GET de la Ruta: /info-console no corresponde a una ruta valida"}
{"level":40,"time":1673574185084,"pid":5364,"hostname":"LAPTOP-N8C0CK0F","msg":"Metodo: GET de la Ruta: /info-console no corresponde a una ruta valida"}
{"level":40,"time":1673574185084,"pid":5364,"hostname":"LAPTOP-N8C0CK0F","msg":"Metodo: GET de la Ruta: /info-console no corresponde a una ruta valida"}
{"level":40,"time":1673574185084,"pid":5364,"hostname":"LAPTOP-N8C0CK0F","msg":"Metodo: GET de la Ruta: /info-console no corresponde a una ruta valida"}
{"level":40,"time":1673574185085,"pid":5364,"hostname":"LAPTOP-N8C0CK0F","msg":"Metodo: GET de la Ruta: /info-console no corresponde a una ruta valida"}
{"level":40,"time":1673574185085,"pid":5364,"hostname":"LAPTOP-N8C0CK0F","msg":"Metodo: GET de la Ruta: /info-console no corresponde a una ruta valida"}
{"level":40,"time":1673574185085,"pid":5364,"hostname":"LAPTOP-N8C0CK0F","msg":"Metodo: GET de la Ruta: /info-console no corresponde a una ruta valida"}
{"level":40,"time":1673574185085,"pid":5364,"hostname":"LAPTOP-N8C0CK0F","msg":"Metodo: GET de la Ruta: /info-console no corresponde a una ruta valida"}
{"level":40,"time":1673574185085,"pid":5364,"hostname":"LAPTOP-N8C0CK0F","msg":"Metodo: GET de la Ruta: /info-console no corresponde a una ruta valida"}
{"level":40,"time":1673574185085,"pid":5364,"hostname":"LAPTOP-N8C0CK0F","msg":"Metodo: GET de la Ruta: /info-console no corresponde a una ruta valida"}
{"level":40,"time":1673574185085,"pid":5364,"hostname":"LAPTOP-N8C0CK0F","msg":"Metodo: GET de la Ruta: /info-console no corresponde a una ruta valida"}
{"level":40,"time":1673574185085,"pid":5364,"hostname":"LAPTOP-N8C0CK0F","msg":"Metodo: GET de la Ruta: /info-console no corresponde a una ruta valida"}
{"level":40,"time":1673574185085,"pid":5364,"hostname":"LAPTOP-N8C0CK0F","msg":"Metodo: GET de la Ruta: /info-console no corresponde a una ruta valida"}
{"level":40,"time":1673574185085,"pid":5364,"hostname":"LAPTOP-N8C0CK0F","msg":"Metodo: GET de la Ruta: /info-console no corresponde a una ruta valida"}
{"level":40,"time":1673574185085,"pid":5364,"hostname":"LAPTOP-N8C0CK0F","msg":"Metodo: GET de la Ruta: /info-console no corresponde a una ruta valida"}
{"level":40,"time":1673574185085,"pid":5364,"hostname":"LAPTOP-N8C0CK0F","msg":"Metodo: GET de la Ruta: /info-console no corresponde a una ruta valida"}
{"level":40,"time":1673574185085,"pid":5364,"hostname":"LAPTOP-N8C0CK0F","msg":"Metodo: GET de la Ruta: /info-console no corresponde a una ruta valida"}
{"level":40,"time":1673574185085,"pid":5364,"hostname":"LAPTOP-N8C0CK0F","msg":"Metodo: GET de la Ruta: /info-console no corresponde a una ruta valida"}
{"level":40,"time":1673574185085,"pid":5364,"hostname":"LAPTOP-N8C0CK0F","msg":"Metodo: GET de la Ruta: /info-console no corresponde a una ruta valida"}
{"level":40,"time":1673574185085,"pid":5364,"hostname":"LAPTOP-N8C0CK0F","msg":"Metodo: GET de la Ruta: /info-console no corresponde a una ruta valida"}
{"level":40,"time":1673574185085,"pid":5364,"hostname":"LAPTOP-N8C0CK0F","msg":"Metodo: GET de la Ruta: /info-console no corresponde a una ruta valida"}
{"level":40,"time":1673574185085,"pid":5364,"hostname":"LAPTOP-N8C0CK0F","msg":"Metodo: GET de la Ruta: /info-console no corresponde a una ruta valida"}
{"level":40,"time":1673574185085,"pid":5364,"hostname":"LAPTOP-N8C0CK0F","msg":"Metodo: GET de la Ruta: /info-console no corresponde a una ruta valida"}
{"level":40,"time":1673574185085,"pid":5364,"hostname":"LAPTOP-N8C0CK0F","msg":"Metodo: GET de la Ruta: /info-console no corresponde a una ruta valida"}
{"level":40,"time":1673574185085,"pid":5364,"hostname":"LAPTOP-N8C0CK0F","msg":"Metodo: GET de la Ruta: /info-console no corresponde a una ruta valida"}
{"level":40,"time":1673574185085,"pid":5364,"hostname":"LAPTOP-N8C0CK0F","msg":"Metodo: GET de la Ruta: /info-console no corresponde a una ruta valida"}
{"level":40,"time":1673574185085,"pid":5364,"hostname":"LAPTOP-N8C0CK0F","msg":"Metodo: GET de la Ruta: /info-console no corresponde a una ruta valida"}
{"level":40,"time":1673574185085,"pid":5364,"hostname":"LAPTOP-N8C0CK0F","msg":"Metodo: GET de la Ruta: /info-console no corresponde a una ruta valida"}
{"level":40,"time":1673574185085,"pid":5364,"hostname":"LAPTOP-N8C0CK0F","msg":"Metodo: GET de la Ruta: /info-console no corresponde a una ruta valida"}
{"level":40,"time":1673574185085,"pid":5364,"hostname":"LAPTOP-N8C0CK0F","msg":"Metodo: GET de la Ruta: /info-console no corresponde a una ruta valida"}
{"level":40,"time":1673574185085,"pid":5364,"hostname":"LAPTOP-N8C0CK0F","msg":"Metodo: GET de la Ruta: /info-console no corresponde a una ruta valida"}
{"level":40,"time":1673574185086,"pid":5364,"hostname":"LAPTOP-N8C0CK0F","msg":"Metodo: GET de la Ruta: /info-console no corresponde a una ruta valida"}
{"level":40,"time":1673574185086,"pid":5364,"hostname":"LAPTOP-N8C0CK0F","msg":"Metodo: GET de la Ruta: /info-console no corresponde a una ruta valida"}
{"level":40,"time":1673574185086,"pid":5364,"hostname":"LAPTOP-N8C0CK0F","msg":"Metodo: GET de la Ruta: /info-console no corresponde a una ruta valida"}
{"level":40,"time":1673574185086,"pid":5364,"hostname":"LAPTOP-N8C0CK0F","msg":"Metodo: GET de la Ruta: /info-console no corresponde a una ruta valida"}
{"level":40,"time":1673574185086,"pid":5364,"hostname":"LAPTOP-N8C0CK0F","msg":"Metodo: GET de la Ruta: /info-console no corresponde a una ruta valida"}
{"level":40,"time":1673574185086,"pid":5364,"hostname":"LAPTOP-N8C0CK0F","msg":"Metodo: GET de la Ruta: /info-console no corresponde a una ruta valida"}
{"level":40,"time":1673574185086,"pid":5364,"hostname":"LAPTOP-N8C0CK0F","msg":"Metodo: GET de la Ruta: /info-console no corresponde a una ruta valida"}
{"level":40,"time":1673574185086,"pid":5364,"hostname":"LAPTOP-N8C0CK0F","msg":"Metodo: GET de la Ruta: /info-console no corresponde a una ruta valida"}
{"level":40,"time":1673574185086,"pid":5364,"hostname":"LAPTOP-N8C0CK0F","msg":"Metodo: GET de la Ruta: /info-console no corresponde a una ruta valida"}
{"level":40,"time":1673574185086,"pid":5364,"hostname":"LAPTOP-N8C0CK0F","msg":"Metodo: GET de la Ruta: /info-console no corresponde a una ruta valida"}
{"level":40,"time":1673574185087,"pid":5364,"hostname":"LAPTOP-N8C0CK0F","msg":"Metodo: GET de la Ruta: /info-console no corresponde a una ruta valida"}
{"level":40,"time":1673574185087,"pid":5364,"hostname":"LAPTOP-N8C0CK0F","msg":"Metodo: GET de la Ruta: /info-console no corresponde a una ruta valida"}
{"level":40,"time":1673574185087,"pid":5364,"hostname":"LAPTOP-N8C0CK0F","msg":"Metodo: GET de la Ruta: /info-console no corresponde a una ruta valida"}
{"level":40,"time":1673574185087,"pid":5364,"hostname":"LAPTOP-N8C0CK0F","msg":"Metodo: GET de la Ruta: /info-console no corresponde a una ruta valida"}
{"level":40,"time":1673574185087,"pid":5364,"hostname":"LAPTOP-N8C0CK0F","msg":"Metodo: GET de la Ruta: /info-console no corresponde a una ruta valida"}
{"level":40,"time":1673574185087,"pid":5364,"hostname":"LAPTOP-N8C0CK0F","msg":"Metodo: GET de la Ruta: /info-console no corresponde a una ruta valida"}
{"level":40,"time":1673574185087,"pid":5364,"hostname":"LAPTOP-N8C0CK0F","msg":"Metodo: GET de la Ruta: /info-console no corresponde a una ruta valida"}
{"level":40,"time":1673574185100,"pid":5364,"hostname":"LAPTOP-N8C0CK0F","msg":"Metodo: GET de la Ruta: /info-console no corresponde a una ruta valida"}
{"level":40,"time":1673574185100,"pid":5364,"hostname":"LAPTOP-N8C0CK0F","msg":"Metodo: GET de la Ruta: /info-console no corresponde a una ruta valida"}
{"level":40,"time":1673574185100,"pid":5364,"hostname":"LAPTOP-N8C0CK0F","msg":"Metodo: GET de la Ruta: /info-console no corresponde a una ruta valida"}
{"level":40,"time":1673574185100,"pid":5364,"hostname":"LAPTOP-N8C0CK0F","msg":"Metodo: GET de la Ruta: /info-console no corresponde a una ruta valida"}
{"level":40,"time":1673574185100,"pid":5364,"hostname":"LAPTOP-N8C0CK0F","msg":"Metodo: GET de la Ruta: /info-console no corresponde a una ruta valida"}
{"level":40,"time":1673574185100,"pid":5364,"hostname":"LAPTOP-N8C0CK0F","msg":"Metodo: GET de la Ruta: /info-console no corresponde a una ruta valida"}
{"level":40,"time":1673574185100,"pid":5364,"hostname":"LAPTOP-N8C0CK0F","msg":"Metodo: GET de la Ruta: /info-console no corresponde a una ruta valida"}
{"level":40,"time":1673574185100,"pid":5364,"hostname":"LAPTOP-N8C0CK0F","msg":"Metodo: GET de la Ruta: /info-console no corresponde a una ruta valida"}
{"level":40,"time":1673574185100,"pid":5364,"hostname":"LAPTOP-N8C0CK0F","msg":"Metodo: GET de la Ruta: /info-console no corresponde a una ruta valida"}
{"level":40,"time":1673574185100,"pid":5364,"hostname":"LAPTOP-N8C0CK0F","msg":"Metodo: GET de la Ruta: /info-console no corresponde a una ruta valida"}
{"level":40,"time":1673574185100,"pid":5364,"hostname":"LAPTOP-N8C0CK0F","msg":"Metodo: GET de la Ruta: /info-console no corresponde a una ruta valida"}
{"level":40,"time":1673574185100,"pid":5364,"hostname":"LAPTOP-N8C0CK0F","msg":"Metodo: GET de la Ruta: /info-console no corresponde a una ruta valida"}
{"level":40,"time":1673574185101,"pid":5364,"hostname":"LAPTOP-N8C0CK0F","msg":"Metodo: GET de la Ruta: /info-console no corresponde a una ruta valida"}
{"level":40,"time":1673574185101,"pid":5364,"hostname":"LAPTOP-N8C0CK0F","msg":"Metodo: GET de la Ruta: /info-console no corresponde a una ruta valida"}
{"level":40,"time":1673574185101,"pid":5364,"hostname":"LAPTOP-N8C0CK0F","msg":"Metodo: GET de la Ruta: /info-console no corresponde a una ruta valida"}
{"level":40,"time":1673574185101,"pid":5364,"hostname":"LAPTOP-N8C0CK0F","msg":"Metodo: GET de la Ruta: /info-console no corresponde a una ruta valida"}
{"level":40,"time":1673574185101,"pid":5364,"hostname":"LAPTOP-N8C0CK0F","msg":"Metodo: GET de la Ruta: /info-console no corresponde a una ruta valida"}
{"level":40,"time":1673574185101,"pid":5364,"hostname":"LAPTOP-N8C0CK0F","msg":"Metodo: GET de la Ruta: /info-console no corresponde a una ruta valida"}
{"level":40,"time":1673574185101,"pid":5364,"hostname":"LAPTOP-N8C0CK0F","msg":"Metodo: GET de la Ruta: /info-console no corresponde a una ruta valida"}
{"level":40,"time":1673574185101,"pid":5364,"hostname":"LAPTOP-N8C0CK0F","msg":"Metodo: GET de la Ruta: /info-console no corresponde a una ruta valida"}
{"level":40,"time":1673574185101,"pid":5364,"hostname":"LAPTOP-N8C0CK0F","msg":"Metodo: GET de la Ruta: /info-console no corresponde a una ruta valida"}
{"level":40,"time":1673574185101,"pid":5364,"hostname":"LAPTOP-N8C0CK0F","msg":"Metodo: GET de la Ruta: /info-console no corresponde a una ruta valida"}
{"level":40,"time":1673574185101,"pid":5364,"hostname":"LAPTOP-N8C0CK0F","msg":"Metodo: GET de la Ruta: /info-console no corresponde a una ruta valida"}
{"level":40,"time":1673574185101,"pid":5364,"hostname":"LAPTOP-N8C0CK0F","msg":"Metodo: GET de la Ruta: /info-console no corresponde a una ruta valida"}
{"level":40,"time":1673574185101,"pid":5364,"hostname":"LAPTOP-N8C0CK0F","msg":"Metodo: GET de la Ruta: /info-console no corresponde a una ruta valida"}
{"level":40,"time":1673574185101,"pid":5364,"hostname":"LAPTOP-N8C0CK0F","msg":"Metodo: GET de la Ruta: /info-console no corresponde a una ruta valida"}
{"level":40,"time":1673574185101,"pid":5364,"hostname":"LAPTOP-N8C0CK0F","msg":"Metodo: GET de la Ruta: /info-console no corresponde a una ruta valida"}
{"level":40,"time":1673574185101,"pid":5364,"hostname":"LAPTOP-N8C0CK0F","msg":"Metodo: GET de la Ruta: /info-console no corresponde a una ruta valida"}
{"level":40,"time":1673574185101,"pid":5364,"hostname":"LAPTOP-N8C0CK0F","msg":"Metodo: GET de la Ruta: /info-console no corresponde a una ruta valida"}
{"level":40,"time":1673574185101,"pid":5364,"hostname":"LAPTOP-N8C0CK0F","msg":"Metodo: GET de la Ruta: /info-console no corresponde a una ruta valida"}
{"level":40,"time":1673574185101,"pid":5364,"hostname":"LAPTOP-N8C0CK0F","msg":"Metodo: GET de la Ruta: /info-console no corresponde a una ruta valida"}
{"level":40,"time":1673574185101,"pid":5364,"hostname":"LAPTOP-N8C0CK0F","msg":"Metodo: GET de la Ruta: /info-console no corresponde a una ruta valida"}
{"level":40,"time":1673574185101,"pid":5364,"hostname":"LAPTOP-N8C0CK0F","msg":"Metodo: GET de la Ruta: /info-console no corresponde a una ruta valida"}
{"level":40,"time":1673574185101,"pid":5364,"hostname":"LAPTOP-N8C0CK0F","msg":"Metodo: GET de la Ruta: /info-console no corresponde a una ruta valida"}
{"level":40,"time":1673574185102,"pid":5364,"hostname":"LAPTOP-N8C0CK0F","msg":"Metodo: GET de la Ruta: /info-console no corresponde a una ruta valida"}
{"level":40,"time":1673574185102,"pid":5364,"hostname":"LAPTOP-N8C0CK0F","msg":"Metodo: GET de la Ruta: /info-console no corresponde a una ruta valida"}
{"level":40,"time":1673574195025,"pid":5364,"hostname":"LAPTOP-N8C0CK0F","msg":"Metodo: GET de la Ruta: /info-console no corresponde a una ruta valida"}
{"level":40,"time":1673574195025,"pid":5364,"hostname":"LAPTOP-N8C0CK0F","msg":"Metodo: GET de la Ruta: /info-console no corresponde a una ruta valida"}
{"level":40,"time":1673574195025,"pid":5364,"hostname":"LAPTOP-N8C0CK0F","msg":"Metodo: GET de la Ruta: /info-console no corresponde a una ruta valida"}
{"level":40,"time":1673574195026,"pid":5364,"hostname":"LAPTOP-N8C0CK0F","msg":"Metodo: GET de la Ruta: /info-console no corresponde a una ruta valida"}
{"level":40,"time":1673574195026,"pid":5364,"hostname":"LAPTOP-N8C0CK0F","msg":"Metodo: GET de la Ruta: /info-console no corresponde a una ruta valida"}
{"level":40,"time":1673574195026,"pid":5364,"hostname":"LAPTOP-N8C0CK0F","msg":"Metodo: GET de la Ruta: /info-console no corresponde a una ruta valida"}
{"level":40,"time":1673574195026,"pid":5364,"hostname":"LAPTOP-N8C0CK0F","msg":"Metodo: GET de la Ruta: /info-console no corresponde a una ruta valida"}
{"level":40,"time":1673574195026,"pid":5364,"hostname":"LAPTOP-N8C0CK0F","msg":"Metodo: GET de la Ruta: /info-console no corresponde a una ruta valida"}
{"level":40,"time":1673574195027,"pid":5364,"hostname":"LAPTOP-N8C0CK0F","msg":"Metodo: GET de la Ruta: /info-console no corresponde a una ruta valida"}
{"level":40,"time":1673574195027,"pid":5364,"hostname":"LAPTOP-N8C0CK0F","msg":"Metodo: GET de la Ruta: /info-console no corresponde a una ruta valida"}
{"level":40,"time":1673574195027,"pid":5364,"hostname":"LAPTOP-N8C0CK0F","msg":"Metodo: GET de la Ruta: /info-console no corresponde a una ruta valida"}
{"level":40,"time":1673574195027,"pid":5364,"hostname":"LAPTOP-N8C0CK0F","msg":"Metodo: GET de la Ruta: /info-console no corresponde a una ruta valida"}
{"level":40,"time":1673574195027,"pid":5364,"hostname":"LAPTOP-N8C0CK0F","msg":"Metodo: GET de la Ruta: /info-console no corresponde a una ruta valida"}
{"level":40,"time":1673574195027,"pid":5364,"hostname":"LAPTOP-N8C0CK0F","msg":"Metodo: GET de la Ruta: /info-console no corresponde a una ruta valida"}
{"level":40,"time":1673574195027,"pid":5364,"hostname":"LAPTOP-N8C0CK0F","msg":"Metodo: GET de la Ruta: /info-console no corresponde a una ruta valida"}
{"level":40,"time":1673574195028,"pid":5364,"hostname":"LAPTOP-N8C0CK0F","msg":"Metodo: GET de la Ruta: /info-console no corresponde a una ruta valida"}
{"level":40,"time":1673574195028,"pid":5364,"hostname":"LAPTOP-N8C0CK0F","msg":"Metodo: GET de la Ruta: /info-console no corresponde a una ruta valida"}
{"level":40,"time":1673574195028,"pid":5364,"hostname":"LAPTOP-N8C0CK0F","msg":"Metodo: GET de la Ruta: /info-console no corresponde a una ruta valida"}
{"level":40,"time":1673574195028,"pid":5364,"hostname":"LAPTOP-N8C0CK0F","msg":"Metodo: GET de la Ruta: /info-console no corresponde a una ruta valida"}
{"level":40,"time":1673574195028,"pid":5364,"hostname":"LAPTOP-N8C0CK0F","msg":"Metodo: GET de la Ruta: /info-console no corresponde a una ruta valida"}
{"level":40,"time":1673574195028,"pid":5364,"hostname":"LAPTOP-N8C0CK0F","msg":"Metodo: GET de la Ruta: /info-console no corresponde a una ruta valida"}
{"level":40,"time":1673574195028,"pid":5364,"hostname":"LAPTOP-N8C0CK0F","msg":"Metodo: GET de la Ruta: /info-console no corresponde a una ruta valida"}
{"level":40,"time":1673574195028,"pid":5364,"hostname":"LAPTOP-N8C0CK0F","msg":"Metodo: GET de la Ruta: /info-console no corresponde a una ruta valida"}
{"level":40,"time":1673574195029,"pid":5364,"hostname":"LAPTOP-N8C0CK0F","msg":"Metodo: GET de la Ruta: /info-console no corresponde a una ruta valida"}
{"level":40,"time":1673574195029,"pid":5364,"hostname":"LAPTOP-N8C0CK0F","msg":"Metodo: GET de la Ruta: /info-console no corresponde a una ruta valida"}
{"level":40,"time":1673574195029,"pid":5364,"hostname":"LAPTOP-N8C0CK0F","msg":"Metodo: GET de la Ruta: /info-console no corresponde a una ruta valida"}
{"level":40,"time":1673574195029,"pid":5364,"hostname":"LAPTOP-N8C0CK0F","msg":"Metodo: GET de la Ruta: /info-console no corresponde a una ruta valida"}
{"level":40,"time":1673574195029,"pid":5364,"hostname":"LAPTOP-N8C0CK0F","msg":"Metodo: GET de la Ruta: /info-console no corresponde a una ruta valida"}
{"level":40,"time":1673574195029,"pid":5364,"hostname":"LAPTOP-N8C0CK0F","msg":"Metodo: GET de la Ruta: /info-console no corresponde a una ruta valida"}
{"level":40,"time":1673574195029,"pid":5364,"hostname":"LAPTOP-N8C0CK0F","msg":"Metodo: GET de la Ruta: /info-console no corresponde a una ruta valida"}
{"level":40,"time":1673574195030,"pid":5364,"hostname":"LAPTOP-N8C0CK0F","msg":"Metodo: GET de la Ruta: /info-console no corresponde a una ruta valida"}
{"level":40,"time":1673574195030,"pid":5364,"hostname":"LAPTOP-N8C0CK0F","msg":"Metodo: GET de la Ruta: /info-console no corresponde a una ruta valida"}
{"level":40,"time":1673574195030,"pid":5364,"hostname":"LAPTOP-N8C0CK0F","msg":"Metodo: GET de la Ruta: /info-console no corresponde a una ruta valida"}
{"level":40,"time":1673574195030,"pid":5364,"hostname":"LAPTOP-N8C0CK0F","msg":"Metodo: GET de la Ruta: /info-console no corresponde a una ruta valida"}
{"level":40,"time":1673574195030,"pid":5364,"hostname":"LAPTOP-N8C0CK0F","msg":"Metodo: GET de la Ruta: /info-console no corresponde a una ruta valida"}
{"level":40,"time":1673574195030,"pid":5364,"hostname":"LAPTOP-N8C0CK0F","msg":"Metodo: GET de la Ruta: /info-console no corresponde a una ruta valida"}
{"level":40,"time":1673574195030,"pid":5364,"hostname":"LAPTOP-N8C0CK0F","msg":"Metodo: GET de la Ruta: /info-console no corresponde a una ruta valida"}
{"level":40,"time":1673574195048,"pid":5364,"hostname":"LAPTOP-N8C0CK0F","msg":"Metodo: GET de la Ruta: /info-console no corresponde a una ruta valida"}
{"level":40,"time":1673574195048,"pid":5364,"hostname":"LAPTOP-N8C0CK0F","msg":"Metodo: GET de la Ruta: /info-console no corresponde a una ruta valida"}
{"level":40,"time":1673574195048,"pid":5364,"hostname":"LAPTOP-N8C0CK0F","msg":"Metodo: GET de la Ruta: /info-console no corresponde a una ruta valida"}
{"level":40,"time":1673574195048,"pid":5364,"hostname":"LAPTOP-N8C0CK0F","msg":"Metodo: GET de la Ruta: /info-console no corresponde a una ruta valida"}
{"level":40,"time":1673574195048,"pid":5364,"hostname":"LAPTOP-N8C0CK0F","msg":"Metodo: GET de la Ruta: /info-console no corresponde a una ruta valida"}
{"level":40,"time":1673574195048,"pid":5364,"hostname":"LAPTOP-N8C0CK0F","msg":"Metodo: GET de la Ruta: /info-console no corresponde a una ruta valida"}
{"level":40,"time":1673574195048,"pid":5364,"hostname":"LAPTOP-N8C0CK0F","msg":"Metodo: GET de la Ruta: /info-console no corresponde a una ruta valida"}
{"level":40,"time":1673574195048,"pid":5364,"hostname":"LAPTOP-N8C0CK0F","msg":"Metodo: GET de la Ruta: /info-console no corresponde a una ruta valida"}
{"level":40,"time":1673574195048,"pid":5364,"hostname":"LAPTOP-N8C0CK0F","msg":"Metodo: GET de la Ruta: /info-console no corresponde a una ruta valida"}
{"level":40,"time":1673574195048,"pid":5364,"hostname":"LAPTOP-N8C0CK0F","msg":"Metodo: GET de la Ruta: /info-console no corresponde a una ruta valida"}
{"level":40,"time":1673574195048,"pid":5364,"hostname":"LAPTOP-N8C0CK0F","msg":"Metodo: GET de la Ruta: /info-console no corresponde a una ruta valida"}
{"level":40,"time":1673574195048,"pid":5364,"hostname":"LAPTOP-N8C0CK0F","msg":"Metodo: GET de la Ruta: /info-console no corresponde a una ruta valida"}
{"level":40,"time":1673574195048,"pid":5364,"hostname":"LAPTOP-N8C0CK0F","msg":"Metodo: GET de la Ruta: /info-console no corresponde a una ruta valida"}
{"level":40,"time":1673574195048,"pid":5364,"hostname":"LAPTOP-N8C0CK0F","msg":"Metodo: GET de la Ruta: /info-console no corresponde a una ruta valida"}
{"level":40,"time":1673574195048,"pid":5364,"hostname":"LAPTOP-N8C0CK0F","msg":"Metodo: GET de la Ruta: /info-console no corresponde a una ruta valida"}
{"level":40,"time":1673574195048,"pid":5364,"hostname":"LAPTOP-N8C0CK0F","msg":"Metodo: GET de la Ruta: /info-console no corresponde a una ruta valida"}
{"level":40,"time":1673574195048,"pid":5364,"hostname":"LAPTOP-N8C0CK0F","msg":"Metodo: GET de la Ruta: /info-console no corresponde a una ruta valida"}
{"level":40,"time":1673574195048,"pid":5364,"hostname":"LAPTOP-N8C0CK0F","msg":"Metodo: GET de la Ruta: /info-console no corresponde a una ruta valida"}
{"level":40,"time":1673574195048,"pid":5364,"hostname":"LAPTOP-N8C0CK0F","msg":"Metodo: GET de la Ruta: /info-console no corresponde a una ruta valida"}
{"level":40,"time":1673574195048,"pid":5364,"hostname":"LAPTOP-N8C0CK0F","msg":"Metodo: GET de la Ruta: /info-console no corresponde a una ruta valida"}
{"level":40,"time":1673574195048,"pid":5364,"hostname":"LAPTOP-N8C0CK0F","msg":"Metodo: GET de la Ruta: /info-console no corresponde a una ruta valida"}
{"level":40,"time":1673574195048,"pid":5364,"hostname":"LAPTOP-N8C0CK0F","msg":"Metodo: GET de la Ruta: /info-console no corresponde a una ruta valida"}
{"level":40,"time":1673574195048,"pid":5364,"hostname":"LAPTOP-N8C0CK0F","msg":"Metodo: GET de la Ruta: /info-console no corresponde a una ruta valida"}
{"level":40,"time":1673574195048,"pid":5364,"hostname":"LAPTOP-N8C0CK0F","msg":"Metodo: GET de la Ruta: /info-console no corresponde a una ruta valida"}
{"level":40,"time":1673574195048,"pid":5364,"hostname":"LAPTOP-N8C0CK0F","msg":"Metodo: GET de la Ruta: /info-console no corresponde a una ruta valida"}
{"level":40,"time":1673574195048,"pid":5364,"hostname":"LAPTOP-N8C0CK0F","msg":"Metodo: GET de la Ruta: /info-console no corresponde a una ruta valida"}
{"level":40,"time":1673574195048,"pid":5364,"hostname":"LAPTOP-N8C0CK0F","msg":"Metodo: GET de la Ruta: /info-console no corresponde a una ruta valida"}
{"level":40,"time":1673574195048,"pid":5364,"hostname":"LAPTOP-N8C0CK0F","msg":"Metodo: GET de la Ruta: /info-console no corresponde a una ruta valida"}
{"level":40,"time":1673574195048,"pid":5364,"hostname":"LAPTOP-N8C0CK0F","msg":"Metodo: GET de la Ruta: /info-console no corresponde a una ruta valida"}
{"level":40,"time":1673574195048,"pid":5364,"hostname":"LAPTOP-N8C0CK0F","msg":"Metodo: GET de la Ruta: /info-console no corresponde a una ruta valida"}
{"level":40,"time":1673574195048,"pid":5364,"hostname":"LAPTOP-N8C0CK0F","msg":"Metodo: GET de la Ruta: /info-console no corresponde a una ruta valida"}
{"level":40,"time":1673574195048,"pid":5364,"hostname":"LAPTOP-N8C0CK0F","msg":"Metodo: GET de la Ruta: /info-console no corresponde a una ruta valida"}
{"level":40,"time":1673574195070,"pid":5364,"hostname":"LAPTOP-N8C0CK0F","msg":"Metodo: GET de la Ruta: /info-console no corresponde a una ruta valida"}
{"level":40,"time":1673574195070,"pid":5364,"hostname":"LAPTOP-N8C0CK0F","msg":"Metodo: GET de la Ruta: /info-console no corresponde a una ruta valida"}
{"level":40,"time":1673574195070,"pid":5364,"hostname":"LAPTOP-N8C0CK0F","msg":"Metodo: GET de la Ruta: /info-console no corresponde a una ruta valida"}
{"level":40,"time":1673574195070,"pid":5364,"hostname":"LAPTOP-N8C0CK0F","msg":"Metodo: GET de la Ruta: /info-console no corresponde a una ruta valida"}
{"level":40,"time":1673574195070,"pid":5364,"hostname":"LAPTOP-N8C0CK0F","msg":"Metodo: GET de la Ruta: /info-console no corresponde a una ruta valida"}
{"level":40,"time":1673574195070,"pid":5364,"hostname":"LAPTOP-N8C0CK0F","msg":"Metodo: GET de la Ruta: /info-console no corresponde a una ruta valida"}
{"level":40,"time":1673574195070,"pid":5364,"hostname":"LAPTOP-N8C0CK0F","msg":"Metodo: GET de la Ruta: /info-console no corresponde a una ruta valida"}
{"level":40,"time":1673574195070,"pid":5364,"hostname":"LAPTOP-N8C0CK0F","msg":"Metodo: GET de la Ruta: /info-console no corresponde a una ruta valida"}
{"level":40,"time":1673574195070,"pid":5364,"hostname":"LAPTOP-N8C0CK0F","msg":"Metodo: GET de la Ruta: /info-console no corresponde a una ruta valida"}
{"level":40,"time":1673574195070,"pid":5364,"hostname":"LAPTOP-N8C0CK0F","msg":"Metodo: GET de la Ruta: /info-console no corresponde a una ruta valida"}
{"level":40,"time":1673574195070,"pid":5364,"hostname":"LAPTOP-N8C0CK0F","msg":"Metodo: GET de la Ruta: /info-console no corresponde a una ruta valida"}
{"level":40,"time":1673574195070,"pid":5364,"hostname":"LAPTOP-N8C0CK0F","msg":"Metodo: GET de la Ruta: /info-console no corresponde a una ruta valida"}
{"level":40,"time":1673574195070,"pid":5364,"hostname":"LAPTOP-N8C0CK0F","msg":"Metodo: GET de la Ruta: /info-console no corresponde a una ruta valida"}
{"level":40,"time":1673574195070,"pid":5364,"hostname":"LAPTOP-N8C0CK0F","msg":"Metodo: GET de la Ruta: /info-console no corresponde a una ruta valida"}
{"level":40,"time":1673574195070,"pid":5364,"hostname":"LAPTOP-N8C0CK0F","msg":"Metodo: GET de la Ruta: /info-console no corresponde a una ruta valida"}
{"level":40,"time":1673574195070,"pid":5364,"hostname":"LAPTOP-N8C0CK0F","msg":"Metodo: GET de la Ruta: /info-console no corresponde a una ruta valida"}
{"level":40,"time":1673574195070,"pid":5364,"hostname":"LAPTOP-N8C0CK0F","msg":"Metodo: GET de la Ruta: /info-console no corresponde a una ruta valida"}
{"level":40,"time":1673574195070,"pid":5364,"hostname":"LAPTOP-N8C0CK0F","msg":"Metodo: GET de la Ruta: /info-console no corresponde a una ruta valida"}
{"level":40,"time":1673574195070,"pid":5364,"hostname":"LAPTOP-N8C0CK0F","msg":"Metodo: GET de la Ruta: /info-console no corresponde a una ruta valida"}
{"level":40,"time":1673574195070,"pid":5364,"hostname":"LAPTOP-N8C0CK0F","msg":"Metodo: GET de la Ruta: /info-console no corresponde a una ruta valida"}
{"level":40,"time":1673574195070,"pid":5364,"hostname":"LAPTOP-N8C0CK0F","msg":"Metodo: GET de la Ruta: /info-console no corresponde a una ruta valida"}
{"level":40,"time":1673574195070,"pid":5364,"hostname":"LAPTOP-N8C0CK0F","msg":"Metodo: GET de la Ruta: /info-console no corresponde a una ruta valida"}
{"level":40,"time":1673574195070,"pid":5364,"hostname":"LAPTOP-N8C0CK0F","msg":"Metodo: GET de la Ruta: /info-console no corresponde a una ruta valida"}
{"level":40,"time":1673574195070,"pid":5364,"hostname":"LAPTOP-N8C0CK0F","msg":"Metodo: GET de la Ruta: /info-console no corresponde a una ruta valida"}
{"level":40,"time":1673574195070,"pid":5364,"hostname":"LAPTOP-N8C0CK0F","msg":"Metodo: GET de la Ruta: /info-console no corresponde a una ruta valida"}
{"level":40,"time":1673574195070,"pid":5364,"hostname":"LAPTOP-N8C0CK0F","msg":"Metodo: GET de la Ruta: /info-console no corresponde a una ruta valida"}
{"level":40,"time":1673574195070,"pid":5364,"hostname":"LAPTOP-N8C0CK0F","msg":"Metodo: GET de la Ruta: /info-console no corresponde a una ruta valida"}
{"level":40,"time":1673574195070,"pid":5364,"hostname":"LAPTOP-N8C0CK0F","msg":"Metodo: GET de la Ruta: /info-console no corresponde a una ruta valida"}
{"level":40,"time":1673574195071,"pid":5364,"hostname":"LAPTOP-N8C0CK0F","msg":"Metodo: GET de la Ruta: /info-console no corresponde a una ruta valida"}
{"level":40,"time":1673574195076,"pid":5364,"hostname":"LAPTOP-N8C0CK0F","msg":"Metodo: GET de la Ruta: /info-console no corresponde a una ruta valida"}
{"level":40,"time":1673574195076,"pid":5364,"hostname":"LAPTOP-N8C0CK0F","msg":"Metodo: GET de la Ruta: /info-console no corresponde a una ruta valida"}
{"level":40,"time":1673574205013,"pid":5364,"hostname":"LAPTOP-N8C0CK0F","msg":"Metodo: GET de la Ruta: /info-console no corresponde a una ruta valida"}
{"level":40,"time":1673574205013,"pid":5364,"hostname":"LAPTOP-N8C0CK0F","msg":"Metodo: GET de la Ruta: /info-console no corresponde a una ruta valida"}
{"level":40,"time":1673574205013,"pid":5364,"hostname":"LAPTOP-N8C0CK0F","msg":"Metodo: GET de la Ruta: /info-console no corresponde a una ruta valida"}
{"level":40,"time":1673574205013,"pid":5364,"hostname":"LAPTOP-N8C0CK0F","msg":"Metodo: GET de la Ruta: /info-console no corresponde a una ruta valida"}
{"level":40,"time":1673574205013,"pid":5364,"hostname":"LAPTOP-N8C0CK0F","msg":"Metodo: GET de la Ruta: /info-console no corresponde a una ruta valida"}
{"level":40,"time":1673574205013,"pid":5364,"hostname":"LAPTOP-N8C0CK0F","msg":"Metodo: GET de la Ruta: /info-console no corresponde a una ruta valida"}
{"level":40,"time":1673574205013,"pid":5364,"hostname":"LAPTOP-N8C0CK0F","msg":"Metodo: GET de la Ruta: /info-console no corresponde a una ruta valida"}
{"level":40,"time":1673574205013,"pid":5364,"hostname":"LAPTOP-N8C0CK0F","msg":"Metodo: GET de la Ruta: /info-console no corresponde a una ruta valida"}
{"level":40,"time":1673574205013,"pid":5364,"hostname":"LAPTOP-N8C0CK0F","msg":"Metodo: GET de la Ruta: /info-console no corresponde a una ruta valida"}
{"level":40,"time":1673574205013,"pid":5364,"hostname":"LAPTOP-N8C0CK0F","msg":"Metodo: GET de la Ruta: /info-console no corresponde a una ruta valida"}
{"level":40,"time":1673574205013,"pid":5364,"hostname":"LAPTOP-N8C0CK0F","msg":"Metodo: GET de la Ruta: /info-console no corresponde a una ruta valida"}
{"level":40,"time":1673574205013,"pid":5364,"hostname":"LAPTOP-N8C0CK0F","msg":"Metodo: GET de la Ruta: /info-console no corresponde a una ruta valida"}
{"level":40,"time":1673574205023,"pid":5364,"hostname":"LAPTOP-N8C0CK0F","msg":"Metodo: GET de la Ruta: /info-console no corresponde a una ruta valida"}
{"level":40,"time":1673574205023,"pid":5364,"hostname":"LAPTOP-N8C0CK0F","msg":"Metodo: GET de la Ruta: /info-console no corresponde a una ruta valida"}
{"level":40,"time":1673574205023,"pid":5364,"hostname":"LAPTOP-N8C0CK0F","msg":"Metodo: GET de la Ruta: /info-console no corresponde a una ruta valida"}
{"level":40,"time":1673574205023,"pid":5364,"hostname":"LAPTOP-N8C0CK0F","msg":"Metodo: GET de la Ruta: /info-console no corresponde a una ruta valida"}
{"level":40,"time":1673574205023,"pid":5364,"hostname":"LAPTOP-N8C0CK0F","msg":"Metodo: GET de la Ruta: /info-console no corresponde a una ruta valida"}
{"level":40,"time":1673574205023,"pid":5364,"hostname":"LAPTOP-N8C0CK0F","msg":"Metodo: GET de la Ruta: /info-console no corresponde a una ruta valida"}
{"level":40,"time":1673574205023,"pid":5364,"hostname":"LAPTOP-N8C0CK0F","msg":"Metodo: GET de la Ruta: /info-console no corresponde a una ruta valida"}
{"level":40,"time":1673574205023,"pid":5364,"hostname":"LAPTOP-N8C0CK0F","msg":"Metodo: GET de la Ruta: /info-console no corresponde a una ruta valida"}
{"level":40,"time":1673574205023,"pid":5364,"hostname":"LAPTOP-N8C0CK0F","msg":"Metodo: GET de la Ruta: /info-console no corresponde a una ruta valida"}
{"level":40,"time":1673574205023,"pid":5364,"hostname":"LAPTOP-N8C0CK0F","msg":"Metodo: GET de la Ruta: /info-console no corresponde a una ruta valida"}
{"level":40,"time":1673574205023,"pid":5364,"hostname":"LAPTOP-N8C0CK0F","msg":"Metodo: GET de la Ruta: /info-console no corresponde a una ruta valida"}
{"level":40,"time":1673574205023,"pid":5364,"hostname":"LAPTOP-N8C0CK0F","msg":"Metodo: GET de la Ruta: /info-console no corresponde a una ruta valida"}
{"level":40,"time":1673574205023,"pid":5364,"hostname":"LAPTOP-N8C0CK0F","msg":"Metodo: GET de la Ruta: /info-console no corresponde a una ruta valida"}
{"level":40,"time":1673574205023,"pid":5364,"hostname":"LAPTOP-N8C0CK0F","msg":"Metodo: GET de la Ruta: /info-console no corresponde a una ruta valida"}
{"level":40,"time":1673574205023,"pid":5364,"hostname":"LAPTOP-N8C0CK0F","msg":"Metodo: GET de la Ruta: /info-console no corresponde a una ruta valida"}
{"level":40,"time":1673574205024,"pid":5364,"hostname":"LAPTOP-N8C0CK0F","msg":"Metodo: GET de la Ruta: /info-console no corresponde a una ruta valida"}
{"level":40,"time":1673574205024,"pid":5364,"hostname":"LAPTOP-N8C0CK0F","msg":"Metodo: GET de la Ruta: /info-console no corresponde a una ruta valida"}
{"level":40,"time":1673574205024,"pid":5364,"hostname":"LAPTOP-N8C0CK0F","msg":"Metodo: GET de la Ruta: /info-console no corresponde a una ruta valida"}
{"level":40,"time":1673574205024,"pid":5364,"hostname":"LAPTOP-N8C0CK0F","msg":"Metodo: GET de la Ruta: /info-console no corresponde a una ruta valida"}
{"level":40,"time":1673574205024,"pid":5364,"hostname":"LAPTOP-N8C0CK0F","msg":"Metodo: GET de la Ruta: /info-console no corresponde a una ruta valida"}
{"level":40,"time":1673574205024,"pid":5364,"hostname":"LAPTOP-N8C0CK0F","msg":"Metodo: GET de la Ruta: /info-console no corresponde a una ruta valida"}
{"level":40,"time":1673574205024,"pid":5364,"hostname":"LAPTOP-N8C0CK0F","msg":"Metodo: GET de la Ruta: /info-console no corresponde a una ruta valida"}
{"level":40,"time":1673574205024,"pid":5364,"hostname":"LAPTOP-N8C0CK0F","msg":"Metodo: GET de la Ruta: /info-console no corresponde a una ruta valida"}
{"level":40,"time":1673574205029,"pid":5364,"hostname":"LAPTOP-N8C0CK0F","msg":"Metodo: GET de la Ruta: /info-console no corresponde a una ruta valida"}
{"level":40,"time":1673574205032,"pid":5364,"hostname":"LAPTOP-N8C0CK0F","msg":"Metodo: GET de la Ruta: /info-console no corresponde a una ruta valida"}
{"level":40,"time":1674049169194,"pid":11140,"hostname":"DESKTOP-J54G45V","msg":"Metodo: GET de la Ruta: /favicon.ico no corresponde a una ruta valida"}
{"level":40,"time":1674049189496,"pid":11140,"hostname":"DESKTOP-J54G45V","msg":"Metodo: GET de la Ruta: /favicon.ico no corresponde a una ruta valida"}
{"level":40,"time":1674768264232,"pid":8408,"hostname":"PcFabian","msg":"Metodo: GET de la Ruta: /favicon.ico no corresponde a una ruta valida"}
{"level":40,"time":1674768275687,"pid":8408,"hostname":"PcFabian","msg":"falta usuario o password"}
{"level":40,"time":1674768564939,"pid":1460,"hostname":"PcFabian","msg":"Metodo: GET de la Ruta: /favicon.ico no corresponde a una ruta valida"}
{"level":40,"time":1674768565155,"pid":1460,"hostname":"PcFabian","msg":"Metodo: GET de la Ruta: /favicon.ico no corresponde a una ruta valida"}
{"level":40,"time":1674768566940,"pid":1460,"hostname":"PcFabian","msg":"falta usuario o password"}
{"level":40,"time":1674768587027,"pid":1460,"hostname":"PcFabian","msg":"Metodo: GET de la Ruta: /favicon.ico no corresponde a una ruta valida"}
{"level":40,"time":1674768671358,"pid":1460,"hostname":"PcFabian","msg":"falta usuario o password"}
{"level":40,"time":1674768671401,"pid":1460,"hostname":"PcFabian","msg":"Metodo: GET de la Ruta: /favicon.ico no corresponde a una ruta valida"}
{"level":40,"time":1674768708508,"pid":1460,"hostname":"PcFabian","msg":"falta usuario o password"}
{"level":40,"time":1674768708555,"pid":1460,"hostname":"PcFabian","msg":"Metodo: GET de la Ruta: /favicon.ico no corresponde a una ruta valida"}
{"level":40,"time":1674768710005,"pid":1460,"hostname":"PcFabian","msg":"falta usuario o password"}
{"level":40,"time":1674768710055,"pid":1460,"hostname":"PcFabian","msg":"Metodo: GET de la Ruta: /favicon.ico no corresponde a una ruta valida"}
{"level":40,"time":1674768716558,"pid":1460,"hostname":"PcFabian","msg":"falta usuario o password"}
{"level":40,"time":1674768716607,"pid":1460,"hostname":"PcFabian","msg":"Metodo: GET de la Ruta: /favicon.ico no corresponde a una ruta valida"}
{"level":40,"time":1674768718040,"pid":1460,"hostname":"PcFabian","msg":"falta usuario o password"}
{"level":40,"time":1674768718087,"pid":1460,"hostname":"PcFabian","msg":"Metodo: GET de la Ruta: /favicon.ico no corresponde a una ruta valida"}
{"level":40,"time":1674768718574,"pid":1460,"hostname":"PcFabian","msg":"falta usuario o password"}
{"level":40,"time":1674768718625,"pid":1460,"hostname":"PcFabian","msg":"Metodo: GET de la Ruta: /favicon.ico no corresponde a una ruta valida"}
{"level":40,"time":1674768718785,"pid":1460,"hostname":"PcFabian","msg":"falta usuario o password"}
{"level":40,"time":1674768718833,"pid":1460,"hostname":"PcFabian","msg":"Metodo: GET de la Ruta: /favicon.ico no corresponde a una ruta valida"}
{"level":40,"time":1674768786076,"pid":1460,"hostname":"PcFabian","msg":"falta usuario o password"}
{"level":40,"time":1674768786126,"pid":1460,"hostname":"PcFabian","msg":"Metodo: GET de la Ruta: /favicon.ico no corresponde a una ruta valida"}
{"level":40,"time":1674768826356,"pid":1460,"hostname":"PcFabian","msg":"falta usuario o password"}
{"level":40,"time":1674768826404,"pid":1460,"hostname":"PcFabian","msg":"Metodo: GET de la Ruta: /favicon.ico no corresponde a una ruta valida"}
{"level":40,"time":1674768855947,"pid":1460,"hostname":"PcFabian","msg":"falta usuario o password"}
{"level":40,"time":1674768856003,"pid":1460,"hostname":"PcFabian","msg":"Metodo: GET de la Ruta: /favicon.ico no corresponde a una ruta valida"}
{"level":40,"time":1674768862339,"pid":1460,"hostname":"PcFabian","msg":"falta usuario o password"}
{"level":40,"time":1674768862390,"pid":1460,"hostname":"PcFabian","msg":"Metodo: GET de la Ruta: /favicon.ico no corresponde a una ruta valida"}
{"level":40,"time":1674768862840,"pid":1460,"hostname":"PcFabian","msg":"falta usuario o password"}
{"level":40,"time":1674768862887,"pid":1460,"hostname":"PcFabian","msg":"Metodo: GET de la Ruta: /favicon.ico no corresponde a una ruta valida"}
{"level":40,"time":1674768897330,"pid":1460,"hostname":"PcFabian","msg":"falta usuario o password"}
{"level":40,"time":1674768897382,"pid":1460,"hostname":"PcFabian","msg":"Metodo: GET de la Ruta: /favicon.ico no corresponde a una ruta valida"}
{"level":40,"time":1674768898026,"pid":1460,"hostname":"PcFabian","msg":"falta usuario o password"}
{"level":40,"time":1674768898072,"pid":1460,"hostname":"PcFabian","msg":"Metodo: GET de la Ruta: /favicon.ico no corresponde a una ruta valida"}
{"level":40,"time":1674768901612,"pid":1460,"hostname":"PcFabian","msg":"falta usuario o password"}
{"level":40,"time":1674768901663,"pid":1460,"hostname":"PcFabian","msg":"Metodo: GET de la Ruta: /favicon.ico no corresponde a una ruta valida"}
{"level":40,"time":1674768902229,"pid":1460,"hostname":"PcFabian","msg":"falta usuario o password"}
{"level":40,"time":1674768902279,"pid":1460,"hostname":"PcFabian","msg":"Metodo: GET de la Ruta: /favicon.ico no corresponde a una ruta valida"}
{"level":40,"time":1674768902422,"pid":1460,"hostname":"PcFabian","msg":"falta usuario o password"}
{"level":40,"time":1674768902479,"pid":1460,"hostname":"PcFabian","msg":"Metodo: GET de la Ruta: /favicon.ico no corresponde a una ruta valida"}
{"level":40,"time":1674768902596,"pid":1460,"hostname":"PcFabian","msg":"falta usuario o password"}
{"level":40,"time":1674768902649,"pid":1460,"hostname":"PcFabian","msg":"Metodo: GET de la Ruta: /favicon.ico no corresponde a una ruta valida"}
{"level":40,"time":1674768939947,"pid":1460,"hostname":"PcFabian","msg":"falta usuario o password"}
{"level":40,"time":1674768939996,"pid":1460,"hostname":"PcFabian","msg":"Metodo: GET de la Ruta: /favicon.ico no corresponde a una ruta valida"}
{"level":40,"time":1674769452024,"pid":1460,"hostname":"PcFabian","msg":"falta usuario o password"}
{"level":40,"time":1674769452143,"pid":1460,"hostname":"PcFabian","msg":"Metodo: GET de la Ruta: /favicon.ico no corresponde a una ruta valida"}
{"level":40,"time":1674769576655,"pid":1460,"hostname":"PcFabian","msg":"falta usuario o password"}
{"level":40,"time":1674769576750,"pid":1460,"hostname":"PcFabian","msg":"Metodo: GET de la Ruta: /favicon.ico no corresponde a una ruta valida"}
{"level":40,"time":1674769709215,"pid":1460,"hostname":"PcFabian","msg":"falta usuario o password"}
{"level":40,"time":1674769709320,"pid":1460,"hostname":"PcFabian","msg":"Metodo: GET de la Ruta: /favicon.ico no corresponde a una ruta valida"}
{"level":40,"time":1674769756495,"pid":1460,"hostname":"PcFabian","msg":"falta usuario o password"}
{"level":40,"time":1674769756593,"pid":1460,"hostname":"PcFabian","msg":"Metodo: GET de la Ruta: /favicon.ico no corresponde a una ruta valida"}
{"level":40,"time":1674769797397,"pid":1460,"hostname":"PcFabian","msg":"falta usuario o password"}
{"level":40,"time":1674769797494,"pid":1460,"hostname":"PcFabian","msg":"Metodo: GET de la Ruta: /favicon.ico no corresponde a una ruta valida"}
{"level":40,"time":1674769832378,"pid":1460,"hostname":"PcFabian","msg":"Metodo: GET de la Ruta: /favicon.ico no corresponde a una ruta valida"}
{"level":40,"time":1674769853648,"pid":1460,"hostname":"PcFabian","msg":"falta usuario o password"}
{"level":40,"time":1674769853695,"pid":1460,"hostname":"PcFabian","msg":"Metodo: GET de la Ruta: /favicon.ico no corresponde a una ruta valida"}
{"level":40,"time":1674769857189,"pid":1460,"hostname":"PcFabian","msg":"Metodo: GET de la Ruta: /favicon.ico no corresponde a una ruta valida"}
{"level":40,"time":1674769874198,"pid":1460,"hostname":"PcFabian","msg":"falta usuario o password"}
{"level":40,"time":1674769874244,"pid":1460,"hostname":"PcFabian","msg":"Metodo: GET de la Ruta: /favicon.ico no corresponde a una ruta valida"}
{"level":40,"time":1674769876608,"pid":1460,"hostname":"PcFabian","msg":"Metodo: GET de la Ruta: /favicon.ico no corresponde a una ruta valida"}
{"level":40,"time":1674769885233,"pid":1460,"hostname":"PcFabian","msg":"falta usuario o password"}
{"level":40,"time":1674769885270,"pid":1460,"hostname":"PcFabian","msg":"Metodo: GET de la Ruta: /favicon.ico no corresponde a una ruta valida"}
{"level":40,"time":1674769905299,"pid":1460,"hostname":"PcFabian","msg":"Metodo: GET de la Ruta: /favicon.ico no corresponde a una ruta valida"}
{"level":40,"time":1674769906210,"pid":1460,"hostname":"PcFabian","msg":"falta usuario o password"}
{"level":40,"time":1674769907059,"pid":1460,"hostname":"PcFabian","msg":"falta usuario o password"}
{"level":40,"time":1674769907248,"pid":1460,"hostname":"PcFabian","msg":"falta usuario o password"}
{"level":40,"time":1674769916164,"pid":1460,"hostname":"PcFabian","msg":"falta usuario o password"}
{"level":40,"time":1674769936275,"pid":1460,"hostname":"PcFabian","msg":"Metodo: GET de la Ruta: /favicon.ico no corresponde a una ruta valida"}
{"level":40,"time":1674770218730,"pid":1460,"hostname":"PcFabian","msg":"falta usuario o password"}
{"level":40,"time":1674770218823,"pid":1460,"hostname":"PcFabian","msg":"Metodo: GET de la Ruta: /favicon.ico no corresponde a una ruta valida"}
{"level":40,"time":1674770229721,"pid":1460,"hostname":"PcFabian","msg":"falta usuario o password"}
{"level":40,"time":1674770229807,"pid":1460,"hostname":"PcFabian","msg":"Metodo: GET de la Ruta: /favicon.ico no corresponde a una ruta valida"}
{"level":40,"time":1674770331062,"pid":1460,"hostname":"PcFabian","msg":"falta usuario o password"}
{"level":40,"time":1674770331154,"pid":1460,"hostname":"PcFabian","msg":"Metodo: GET de la Ruta: /favicon.ico no corresponde a una ruta valida"}
{"level":40,"time":1674770354826,"pid":1460,"hostname":"PcFabian","msg":"falta usuario o password"}
{"level":40,"time":1674770354884,"pid":1460,"hostname":"PcFabian","msg":"Metodo: GET de la Ruta: /favicon.ico no corresponde a una ruta valida"}
{"level":40,"time":1674770355888,"pid":1460,"hostname":"PcFabian","msg":"falta usuario o password"}
{"level":40,"time":1674770355942,"pid":1460,"hostname":"PcFabian","msg":"Metodo: GET de la Ruta: /favicon.ico no corresponde a una ruta valida"}
{"level":40,"time":1674770356376,"pid":1460,"hostname":"PcFabian","msg":"falta usuario o password"}
{"level":40,"time":1674770356425,"pid":1460,"hostname":"PcFabian","msg":"Metodo: GET de la Ruta: /favicon.ico no corresponde a una ruta valida"}
{"level":40,"time":1674770356536,"pid":1460,"hostname":"PcFabian","msg":"falta usuario o password"}
{"level":40,"time":1674770356581,"pid":1460,"hostname":"PcFabian","msg":"Metodo: GET de la Ruta: /favicon.ico no corresponde a una ruta valida"}
{"level":40,"time":1674770364037,"pid":1460,"hostname":"PcFabian","msg":"falta usuario o password"}
{"level":40,"time":1674770364084,"pid":1460,"hostname":"PcFabian","msg":"Metodo: GET de la Ruta: /favicon.ico no corresponde a una ruta valida"}
{"level":40,"time":1674770434364,"pid":1460,"hostname":"PcFabian","msg":"falta usuario o password"}
{"level":40,"time":1674770434459,"pid":1460,"hostname":"PcFabian","msg":"Metodo: GET de la Ruta: /favicon.ico no corresponde a una ruta valida"}
